<?xml version="1.0" encoding="UTF-8"?>
<!-- Generated by org.testng.reporters.JUnitReportReporter -->
<testsuite hostname="MyDevice" failures="0" tests="1" name="tests.ReportTest" time="12.259" errors="0" timestamp="2024-11-11T10:36:57 ICT" skipped="0">
  <testcase classname="tests.ReportTest" name="doTest" time="12.259"/>
  <system-out/>
</testsuite> <!-- tests.ReportTest -->
